2023-10-09 15:39:26	[34m(进程4)[0m[[32m执行中...[0m]{python g2.py -s ./cache/d9f09dac-e9e7-4e/ip_5.txt -o ./cache/d9f09dac-e9e7-4e/444_5.txt} >> ctype.ProcessDetails{PID:67516, Threads:4, MemoryKB:11}
2023-10-09 15:39:26	[34m(进程3)[0m[[32m执行中...[0m]{python g2.py -s ./cache/d9f09dac-e9e7-4e/ip_4.txt -o ./cache/d9f09dac-e9e7-4e/444_4.txt} >> ctype.ProcessDetails{PID:71312, Threads:4, MemoryKB:11}
2023-10-09 15:39:26	[34m(进程2)[0m[[32m执行中...[0m]{python g2.py -s ./cache/d9f09dac-e9e7-4e/ip_3.txt -o ./cache/d9f09dac-e9e7-4e/444_3.txt} >> ctype.ProcessDetails{PID:70612, Threads:4, MemoryKB:11}
2023-10-09 15:39:26	[34m(进程0)[0m[[32m执行中...[0m]{python g2.py -s ./cache/d9f09dac-e9e7-4e/ip_1.txt -o ./cache/d9f09dac-e9e7-4e/444_1.txt} >> ctype.ProcessDetails{PID:60196, Threads:4, MemoryKB:11}
2023-10-09 15:39:26	[34m(进程-100)[0m[[32m执行中...[0m]{python g1.py -t 2} >> ctype.ProcessDetails{PID:4464, Threads:4, MemoryKB:11}
2023-10-09 15:39:26	[34m(进程1)[0m[[32m执行中...[0m]{python g2.py -s ./cache/d9f09dac-e9e7-4e/ip_2.txt -o ./cache/d9f09dac-e9e7-4e/444_2.txt} >> ctype.ProcessDetails{PID:73644, Threads:4, MemoryKB:11}
2023-10-09 15:39:28	[34m(进程-100)[0m[[33m执行结束[0m]{python g1.py -t 2}
2023-10-09 15:39:28	[34m(进程4)[0m[[32m执行中...[0m]{python g2.py -s ./cache/d9f09dac-e9e7-4e/ip_5.txt -o ./cache/d9f09dac-e9e7-4e/444_5.txt} >> ctype.ProcessDetails{PID:67516, Threads:4, MemoryKB:11}
2023-10-09 15:39:28	[34m(进程3)[0m[[32m执行中...[0m]{python g2.py -s ./cache/d9f09dac-e9e7-4e/ip_4.txt -o ./cache/d9f09dac-e9e7-4e/444_4.txt} >> ctype.ProcessDetails{PID:71312, Threads:4, MemoryKB:11}
2023-10-09 15:39:28	[34m(进程2)[0m[[32m执行中...[0m]{python g2.py -s ./cache/d9f09dac-e9e7-4e/ip_3.txt -o ./cache/d9f09dac-e9e7-4e/444_3.txt} >> ctype.ProcessDetails{PID:70612, Threads:4, MemoryKB:11}
2023-10-09 15:39:29	[34m(进程1)[0m[[32m执行中...[0m]{python g2.py -s ./cache/d9f09dac-e9e7-4e/ip_2.txt -o ./cache/d9f09dac-e9e7-4e/444_2.txt} >> ctype.ProcessDetails{PID:73644, Threads:4, MemoryKB:11}
2023-10-09 15:39:29	[34m(进程0)[0m[[32m执行中...[0m]{python g2.py -s ./cache/d9f09dac-e9e7-4e/ip_1.txt -o ./cache/d9f09dac-e9e7-4e/444_1.txt} >> ctype.ProcessDetails{PID:60196, Threads:4, MemoryKB:11}
2023-10-09 15:40:58	[34m(进程1)[0m[[32m执行中...[0m]{python g2.py -s ./cache/3957ccbf-c72c-40/ip_2.txt -o ./cache/3957ccbf-c72c-40/444_2.txt} >> {PID:51268 Threads:4 MemoryKB:11}
2023-10-09 15:40:58	[34m(进程4)[0m[[32m执行中...[0m]{python g2.py -s ./cache/3957ccbf-c72c-40/ip_5.txt -o ./cache/3957ccbf-c72c-40/444_5.txt} >> {PID:70728 Threads:4 MemoryKB:11}
2023-10-09 15:40:58	[34m(进程-100)[0m[[32m执行中...[0m]{python g1.py -t 2} >> {PID:73312 Threads:4 MemoryKB:11}
2023-10-09 15:40:58	[34m(进程0)[0m[[32m执行中...[0m]{python g2.py -s ./cache/3957ccbf-c72c-40/ip_1.txt -o ./cache/3957ccbf-c72c-40/444_1.txt} >> {PID:74328 Threads:4 MemoryKB:11}
2023-10-09 15:40:58	[34m(进程3)[0m[[32m执行中...[0m]{python g2.py -s ./cache/3957ccbf-c72c-40/ip_4.txt -o ./cache/3957ccbf-c72c-40/444_4.txt} >> {PID:48168 Threads:4 MemoryKB:11}
2023-10-09 15:40:58	[34m(进程2)[0m[[32m执行中...[0m]{python g2.py -s ./cache/3957ccbf-c72c-40/ip_3.txt -o ./cache/3957ccbf-c72c-40/444_3.txt} >> {PID:71948 Threads:4 MemoryKB:11}
2023-10-09 15:41:01	[34m(进程-100)[0m[[33m执行结束[0m]{python g1.py -t 2}
2023-10-09 15:59:19	[34m(进程0)[0m[[32m执行中...[0m]{python g2.py -s ./cache/31bf8a67-ae2a-45/ip_1.txt -o ./cache/31bf8a67-ae2a-45/444_1.txt} >> {PID:73512 Threads:4 MemoryKB:11}
2023-10-09 15:59:19	[34m(进程-100)[0m[[32m执行中...[0m]{python g1.py -t 2} >> {PID:73368 Threads:4 MemoryKB:11}
2023-10-09 15:59:19	[34m(进程4)[0m[[32m执行中...[0m]{python g2.py -s ./cache/31bf8a67-ae2a-45/ip_5.txt -o ./cache/31bf8a67-ae2a-45/444_5.txt} >> {PID:51608 Threads:4 MemoryKB:11}
2023-10-09 15:59:19	[34m(进程3)[0m[[32m执行中...[0m]{python g2.py -s ./cache/31bf8a67-ae2a-45/ip_4.txt -o ./cache/31bf8a67-ae2a-45/444_4.txt} >> {PID:69388 Threads:4 MemoryKB:11}
2023-10-09 15:59:19	[34m(进程1)[0m[[32m执行中...[0m]{python g2.py -s ./cache/31bf8a67-ae2a-45/ip_2.txt -o ./cache/31bf8a67-ae2a-45/444_2.txt} >> {PID:54056 Threads:4 MemoryKB:11}
2023-10-09 15:59:19	[34m(进程2)[0m[[32m执行中...[0m]{python g2.py -s ./cache/31bf8a67-ae2a-45/ip_3.txt -o ./cache/31bf8a67-ae2a-45/444_3.txt} >> {PID:63444 Threads:4 MemoryKB:11}
2023-10-09 15:59:21	[032mPID:[73368][0m
PPID:[e4605d5d-5acc-44]
Path:[./cache/e4605d5d-5acc-44/73368.txt]
Modify:[2023-10-09 15:59:20]
Length:[0]

2023-10-09 15:59:22	[34m(进程-100)[0m[[33m执行结束[0m]{python g1.py -t 2}
2023-10-09 15:59:22	[34m(进程0)[0m[[32m执行中...[0m]{python g2.py -s ./cache/31bf8a67-ae2a-45/ip_1.txt -o ./cache/31bf8a67-ae2a-45/444_1.txt} >> {PID:73512 Threads:4 MemoryKB:11}
2023-10-09 15:59:22	[34m(进程4)[0m[[32m执行中...[0m]{python g2.py -s ./cache/31bf8a67-ae2a-45/ip_5.txt -o ./cache/31bf8a67-ae2a-45/444_5.txt} >> {PID:51608 Threads:4 MemoryKB:11}
2023-10-09 15:59:22	[34m(进程1)[0m[[32m执行中...[0m]{python g2.py -s ./cache/31bf8a67-ae2a-45/ip_2.txt -o ./cache/31bf8a67-ae2a-45/444_2.txt} >> {PID:54056 Threads:4 MemoryKB:11}
2023-10-09 15:59:22	[34m(进程3)[0m[[32m执行中...[0m]{python g2.py -s ./cache/31bf8a67-ae2a-45/ip_4.txt -o ./cache/31bf8a67-ae2a-45/444_4.txt} >> {PID:69388 Threads:4 MemoryKB:11}
2023-10-09 15:59:22	[34m(进程2)[0m[[32m执行中...[0m]{python g2.py -s ./cache/31bf8a67-ae2a-45/ip_3.txt -o ./cache/31bf8a67-ae2a-45/444_3.txt} >> {PID:63444 Threads:4 MemoryKB:11}
2023-10-09 15:59:23	[032mPID:[73368][0m
PPID:[e4605d5d-5acc-44]
Path:[./cache/e4605d5d-5acc-44/73368.txt]
Modify:[2023-10-09 15:59:20]
Length:[1779]

2023-10-09 15:59:25	[34m(进程0)[0m[[32m执行中...[0m]{python g2.py -s ./cache/31bf8a67-ae2a-45/ip_1.txt -o ./cache/31bf8a67-ae2a-45/444_1.txt} >> {PID:73512 Threads:4 MemoryKB:11}
2023-10-09 15:59:25	[34m(进程4)[0m[[32m执行中...[0m]{python g2.py -s ./cache/31bf8a67-ae2a-45/ip_5.txt -o ./cache/31bf8a67-ae2a-45/444_5.txt} >> {PID:51608 Threads:4 MemoryKB:11}
2023-10-09 15:59:25	[34m(进程1)[0m[[32m执行中...[0m]{python g2.py -s ./cache/31bf8a67-ae2a-45/ip_2.txt -o ./cache/31bf8a67-ae2a-45/444_2.txt} >> {PID:54056 Threads:4 MemoryKB:11}
2023-10-09 15:59:25	[34m(进程3)[0m[[32m执行中...[0m]{python g2.py -s ./cache/31bf8a67-ae2a-45/ip_4.txt -o ./cache/31bf8a67-ae2a-45/444_4.txt} >> {PID:69388 Threads:4 MemoryKB:11}
2023-10-09 15:59:25	[34m(进程2)[0m[[32m执行中...[0m]{python g2.py -s ./cache/31bf8a67-ae2a-45/ip_3.txt -o ./cache/31bf8a67-ae2a-45/444_3.txt} >> {PID:63444 Threads:4 MemoryKB:11}
2023-10-09 15:59:28	[34m(进程0)[0m[[32m执行中...[0m]{python g2.py -s ./cache/31bf8a67-ae2a-45/ip_1.txt -o ./cache/31bf8a67-ae2a-45/444_1.txt} >> {PID:73512 Threads:4 MemoryKB:11}
2023-10-09 15:59:28	[34m(进程4)[0m[[32m执行中...[0m]{python g2.py -s ./cache/31bf8a67-ae2a-45/ip_5.txt -o ./cache/31bf8a67-ae2a-45/444_5.txt} >> {PID:51608 Threads:4 MemoryKB:11}
2023-10-09 15:59:28	[34m(进程1)[0m[[32m执行中...[0m]{python g2.py -s ./cache/31bf8a67-ae2a-45/ip_2.txt -o ./cache/31bf8a67-ae2a-45/444_2.txt} >> {PID:54056 Threads:4 MemoryKB:11}
2023-10-09 15:59:28	[34m(进程2)[0m[[32m执行中...[0m]{python g2.py -s ./cache/31bf8a67-ae2a-45/ip_3.txt -o ./cache/31bf8a67-ae2a-45/444_3.txt} >> {PID:63444 Threads:4 MemoryKB:11}
2023-10-09 15:59:28	[34m(进程3)[0m[[32m执行中...[0m]{python g2.py -s ./cache/31bf8a67-ae2a-45/ip_4.txt -o ./cache/31bf8a67-ae2a-45/444_4.txt} >> {PID:69388 Threads:4 MemoryKB:11}
2023-10-09 15:59:30	[34m(进程0)[0m[[32m执行中...[0m]{python g2.py -s ./cache/31bf8a67-ae2a-45/ip_1.txt -o ./cache/31bf8a67-ae2a-45/444_1.txt} >> {PID:73512 Threads:4 MemoryKB:11}
2023-10-09 15:59:30	[34m(进程4)[0m[[32m执行中...[0m]{python g2.py -s ./cache/31bf8a67-ae2a-45/ip_5.txt -o ./cache/31bf8a67-ae2a-45/444_5.txt} >> {PID:51608 Threads:4 MemoryKB:11}
2023-10-09 15:59:31	[34m(进程1)[0m[[32m执行中...[0m]{python g2.py -s ./cache/31bf8a67-ae2a-45/ip_2.txt -o ./cache/31bf8a67-ae2a-45/444_2.txt} >> {PID:54056 Threads:4 MemoryKB:11}
2023-10-09 15:59:31	[34m(进程2)[0m[[32m执行中...[0m]{python g2.py -s ./cache/31bf8a67-ae2a-45/ip_3.txt -o ./cache/31bf8a67-ae2a-45/444_3.txt} >> {PID:63444 Threads:4 MemoryKB:11}
2023-10-09 15:59:31	[34m(进程3)[0m[[32m执行中...[0m]{python g2.py -s ./cache/31bf8a67-ae2a-45/ip_4.txt -o ./cache/31bf8a67-ae2a-45/444_4.txt} >> {PID:69388 Threads:4 MemoryKB:11}
2023-10-09 15:59:33	[34m(进程0)[0m[[32m执行中...[0m]{python g2.py -s ./cache/31bf8a67-ae2a-45/ip_1.txt -o ./cache/31bf8a67-ae2a-45/444_1.txt} >> {PID:73512 Threads:4 MemoryKB:11}
2023-10-09 15:59:33	[34m(进程4)[0m[[32m执行中...[0m]{python g2.py -s ./cache/31bf8a67-ae2a-45/ip_5.txt -o ./cache/31bf8a67-ae2a-45/444_5.txt} >> {PID:51608 Threads:4 MemoryKB:11}
2023-10-09 15:59:34	[34m(进程1)[0m[[32m执行中...[0m]{python g2.py -s ./cache/31bf8a67-ae2a-45/ip_2.txt -o ./cache/31bf8a67-ae2a-45/444_2.txt} >> {PID:54056 Threads:4 MemoryKB:11}
2023-10-09 15:59:34	[34m(进程2)[0m[[32m执行中...[0m]{python g2.py -s ./cache/31bf8a67-ae2a-45/ip_3.txt -o ./cache/31bf8a67-ae2a-45/444_3.txt} >> {PID:63444 Threads:4 MemoryKB:11}
2023-10-09 15:59:34	[34m(进程3)[0m[[32m执行中...[0m]{python g2.py -s ./cache/31bf8a67-ae2a-45/ip_4.txt -o ./cache/31bf8a67-ae2a-45/444_4.txt} >> {PID:69388 Threads:4 MemoryKB:11}
2023-10-09 15:59:36	[34m(进程0)[0m[[32m执行中...[0m]{python g2.py -s ./cache/31bf8a67-ae2a-45/ip_1.txt -o ./cache/31bf8a67-ae2a-45/444_1.txt} >> {PID:73512 Threads:4 MemoryKB:11}
2023-10-09 15:59:36	[34m(进程4)[0m[[32m执行中...[0m]{python g2.py -s ./cache/31bf8a67-ae2a-45/ip_5.txt -o ./cache/31bf8a67-ae2a-45/444_5.txt} >> {PID:51608 Threads:4 MemoryKB:11}
2023-10-09 15:59:36	[34m(进程1)[0m[[32m执行中...[0m]{python g2.py -s ./cache/31bf8a67-ae2a-45/ip_2.txt -o ./cache/31bf8a67-ae2a-45/444_2.txt} >> {PID:54056 Threads:4 MemoryKB:11}
2023-10-09 15:59:37	[34m(进程3)[0m[[32m执行中...[0m]{python g2.py -s ./cache/31bf8a67-ae2a-45/ip_4.txt -o ./cache/31bf8a67-ae2a-45/444_4.txt} >> {PID:69388 Threads:4 MemoryKB:11}
2023-10-09 15:59:37	[34m(进程2)[0m[[32m执行中...[0m]{python g2.py -s ./cache/31bf8a67-ae2a-45/ip_3.txt -o ./cache/31bf8a67-ae2a-45/444_3.txt} >> {PID:63444 Threads:4 MemoryKB:11}
2023-10-09 15:59:37	0xc00006c040,&{{HEAD  } 0xc00031c100 <nil>}
2023-10-09 15:59:37	0xc00031c100,&{{31bf8a67-ae2a-45#63444 63444 ./cache/31bf8a67-ae2a-45/63444.txt} 0xc00031c000 0xc00006c040}
2023-10-09 15:59:37	0xc00031c000,&{{31bf8a67-ae2a-45#51608 51608 ./cache/31bf8a67-ae2a-45/51608.txt} 0xc00031c040 0xc00031c100}
2023-10-09 15:59:37	0xc00031c040,&{{31bf8a67-ae2a-45#54056 54056 ./cache/31bf8a67-ae2a-45/54056.txt} 0xc00031c080 0xc00031c000}
2023-10-09 15:59:37	0xc00031c080,&{{e4605d5d-5acc-44#73368 73368 ./cache/e4605d5d-5acc-44/73368.txt} 0xc00006c000 0xc00031c040}
2023-10-09 15:59:37	0xc00006c000,&{{31bf8a67-ae2a-45#73512 73512 ./cache/31bf8a67-ae2a-45/73512.txt} 0xc00006c0c0 0xc00031c080}
2023-10-09 15:59:37	0xc00006c0c0,&{{31bf8a67-ae2a-45#69388 69388 ./cache/31bf8a67-ae2a-45/69388.txt} 0xc00006c180 0xc00006c000}
2023-10-09 15:59:37	0xc00006c180,&{{ada44f88-6f42-46 <nil> [c|0x0]} 0xc00031c1c0 0xc00006c0c0}
2023-10-09 15:59:37	0xc00031c1c0,&{{fead8160-42f3-4f <nil> [l|0x0]} 0xc00031c0c0 0xc00006c180}
2023-10-09 15:59:37	0xc00031c0c0,&{{9fe1b2ca-27fd-49 <nil> [s|0x0]} 0xc00006c240 0xc00031c1c0}
2023-10-09 15:59:37	0xc00006c240,&{{ba8f10e1-73a9-44 <nil> [s|0x0]} 0xc00031c200 0xc00031c0c0}
2023-10-09 15:59:37	0xc00031c200,&{{4b1bc17c-84e7-4d <nil> [h|0x0]} 0xc0000d2080 0xc00006c240}
2023-10-09 15:59:37	0xc0000d2080,&{{5e5d37cb-e274-40 <nil> [o|0x0]} <nil> 0xc00031c200}
2023-10-09 15:59:38	[34m(进程0)[0m[[32m执行中...[0m]{python g2.py -s ./cache/31bf8a67-ae2a-45/ip_1.txt -o ./cache/31bf8a67-ae2a-45/444_1.txt} >> {PID:73512 Threads:4 MemoryKB:11}
2023-10-09 15:59:38	[34m(进程4)[0m[[32m执行中...[0m]{python g2.py -s ./cache/31bf8a67-ae2a-45/ip_5.txt -o ./cache/31bf8a67-ae2a-45/444_5.txt} >> {PID:51608 Threads:4 MemoryKB:11}
2023-10-09 15:59:39	[34m(进程1)[0m[[32m执行中...[0m]{python g2.py -s ./cache/31bf8a67-ae2a-45/ip_2.txt -o ./cache/31bf8a67-ae2a-45/444_2.txt} >> {PID:54056 Threads:4 MemoryKB:11}
2023-10-09 15:59:40	[34m(进程2)[0m[[32m执行中...[0m]{python g2.py -s ./cache/31bf8a67-ae2a-45/ip_3.txt -o ./cache/31bf8a67-ae2a-45/444_3.txt} >> {PID:63444 Threads:4 MemoryKB:11}
2023-10-09 15:59:40	[34m(进程3)[0m[[32m执行中...[0m]{python g2.py -s ./cache/31bf8a67-ae2a-45/ip_4.txt -o ./cache/31bf8a67-ae2a-45/444_4.txt} >> {PID:69388 Threads:4 MemoryKB:11}
2023-10-09 15:59:41	[031m[+]Go LinkShell[0m
2023-10-09 15:59:41	[34m(进程0)[0m[[32m执行中...[0m]{python g2.py -s ./cache/31bf8a67-ae2a-45/ip_1.txt -o ./cache/31bf8a67-ae2a-45/444_1.txt} >> {PID:73512 Threads:4 MemoryKB:11}
2023-10-09 15:59:41	[34m(进程4)[0m[[32m执行中...[0m]{python g2.py -s ./cache/31bf8a67-ae2a-45/ip_5.txt -o ./cache/31bf8a67-ae2a-45/444_5.txt} >> {PID:51608 Threads:4 MemoryKB:11}
2023-10-09 15:59:42	[34m(进程1)[0m[[32m执行中...[0m]{python g2.py -s ./cache/31bf8a67-ae2a-45/ip_2.txt -o ./cache/31bf8a67-ae2a-45/444_2.txt} >> {PID:54056 Threads:4 MemoryKB:11}
2023-10-09 15:59:42	[34m(进程3)[0m[[32m执行中...[0m]{python g2.py -s ./cache/31bf8a67-ae2a-45/ip_4.txt -o ./cache/31bf8a67-ae2a-45/444_4.txt} >> {PID:69388 Threads:4 MemoryKB:11}
2023-10-09 15:59:42	[34m(进程2)[0m[[32m执行中...[0m]{python g2.py -s ./cache/31bf8a67-ae2a-45/ip_3.txt -o ./cache/31bf8a67-ae2a-45/444_3.txt} >> {PID:63444 Threads:4 MemoryKB:11}
2023-10-09 15:59:43	[031m[+]Back Shell[0m
2023-10-09 15:59:43	[34m(进程4)[0m[[33m执行结束[0m]{python g2.py -s ./cache/31bf8a67-ae2a-45/ip_5.txt -o ./cache/31bf8a67-ae2a-45/444_5.txt}
2023-10-09 15:59:43	[34m(进程0)[0m[[33m执行结束[0m]{python g2.py -s ./cache/31bf8a67-ae2a-45/ip_1.txt -o ./cache/31bf8a67-ae2a-45/444_1.txt}
2023-10-09 15:59:44	[34m(进程1)[0m[[33m执行结束[0m]{python g2.py -s ./cache/31bf8a67-ae2a-45/ip_2.txt -o ./cache/31bf8a67-ae2a-45/444_2.txt}
2023-10-09 15:59:45	[34m(进程3)[0m[[33m执行结束[0m]{python g2.py -s ./cache/31bf8a67-ae2a-45/ip_4.txt -o ./cache/31bf8a67-ae2a-45/444_4.txt}
2023-10-09 15:59:45	[34m(进程2)[0m[[33m执行结束[0m]{python g2.py -s ./cache/31bf8a67-ae2a-45/ip_3.txt -o ./cache/31bf8a67-ae2a-45/444_3.txt}
2023-10-09 15:59:46	[[33m结果聚合完成[0m]{python g2.py -s ./ip.txt -o ./444.txt}
2023-10-09 15:59:46	[[33m脚本执行结束[0m]{csvbyname2txt ip_fofa_output.csv domain fofa.txt}
2023-10-09 15:59:46	[[33m脚本执行结束[0m]{csvbycol2txt ip_fofa_output.csv 1 fofa2.txt}
2023-10-09 15:59:51	[[33m脚本执行结束[0m]{sleep 5}
2023-10-09 16:00:06	[[31m脚本执行错误[0m]{ddcsv ./tools/ 1k 20} >> 监测超时!
2023-10-09 16:00:06	[[33m脚本执行结束[0m]{LogPrint $ddcsv1$ hello}
2023-10-09 16:00:06	[34m(进程-100)[0m[[33m执行结束[0m]{python g3.py -f $ddcsv1$}
